1 1 1
1 1 2
1 1 3
1 1 4
1 1 5
1 2 1
1 2 2
1 2 3
1 2 4
1 2 5
1 3 1
1 3 2
1 3 3
1 3 4
1 3 5
1 4 1
1 4 2
1 4 3
1 4 4
1 4 5
1 49 1
1 49 2
1 49 3
1 49 4
1 49 5
2 1 1
2 1 2
2 1 3
2 1 4
2 1 5
2 2 1
2 2 2
2 2 3
2 2 4
2 2 5
2 3 1
2 3 2
2 3 3
2 3 4
2 3 5
2 4 1
2 4 2
2 4 3
2 4 4
2 4 5
2 49 1
2 49 2
2 49 3
2 49 4
2 49 5
3 1 1
3 1 2
3 1 3
3 1 4
3 1 5
3 2 1
3 2 2
3 2 3
3 2 4
3 2 5
3 3 1
3 3 2
3 3 3
3 3 4
3 3 5
3 4 1
3 4 2
3 4 3
3 4 4
3 4 5
3 4 6
3 4 7
3 4 8
3 4 9
3 5 5
3 5 6
3 5 7
3 5 8
3 5 9
3 6 5
3 6 6
3 6 7
3 6 8
3 6 9
3 7 5
3 7 6
3 7 7
3 7 8
3 7 9
3 8 5
3 8 6
3 8 7
3 8 8
3 8 9
3 49 1
3 49 2
3 49 3
3 49 4
3 49 5
4 4 5
4 4 6
4 4 7
4 4 8
4 4 9
4 5 5
4 5 6
4 5 7
4 5 8
4 5 9
4 6 5
4 6 6
4 6 7
4 6 8
4 6 9
4 7 5
4 7 6
4 7 7
4 7 8
4 7 9
4 8 5
4 8 6
4 8 7
4 8 8
4 8 9
5 4 5
5 4 6
5 4 7
5 4 8
5 4 9
5 5 5
5 5 6
5 5 7
5 5 8
5 5 9
5 6 5
5 6 6
5 6 7
5 6 8
5 6 9
5 7 5
5 7 6
5 7 7
5 7 8
5 7 9
5 8 5
5 8 6
5 8 7
5 8 8
5 8 9
6 4 5
6 4 6
6 4 7
6 4 8
6 4 9
6 5 5
6 5 6
6 5 7
6 5 8
6 5 9
6 6 5
6 6 6
6 6 7
6 6 8
6 6 9
6 7 5
6 7 6
6 7 7
6 7 8
6 7 9
6 8 5
6 8 6
6 8 7
6 8 8
6 8 9
7 4 5
7 4 6
7 4 7
7 4 8
7 4 9
7 5 5
7 5 6
7 5 7
7 5 8
7 5 9
7 6 5
7 6 6
7 6 7
7 6 8
7 6 9
7 7 5
7 7 6
7 7 7
7 7 8
7 7 9
7 8 5
7 8 6
7 8 7
7 8 8
7 8 9
49 1 1
49 1 2
49 1 3
49 1 4
49 1 5
49 2 1
49 2 2
49 2 3
49 2 4
49 2 5
49 3 1
49 3 2
49 3 3
49 3 4
49 3 5
49 4 1
49 4 2
49 4 3
49 4 4
49 4 5
49 49 1
49 49 2
49 49 3
49 49 4
49 49 5
50 1 1
50 1 2
50 1 3
50 1 4
50 1 5
50 2 1
50 2 2
50 2 3
50 2 4
50 2 5
50 3 1
50 3 2
50 3 3
50 3 4
50 3 5
50 4 1
50 4 2
50 4 3
50 4 4
50 4 5
50 49 1
50 49 2
50 49 3
50 49 4
50 49 5
